<?xml version="1.0" encoding="UTF-8"?>
<!-- Generated by org.testng.reporters.JUnitXMLReporter -->
<testsuite hostname="g11n-esokol" name="Command line test" tests="6" failures="0" timestamp="14 Apr 2015 16:06:07 GMT" time="125.664" errors="0">
  <testcase name="Test_CleanSentFolder" time="32.929" classname="com.web_testing_selenium.com.com.TestNG_Mail"/>
  <testcase name="Test_CleanTrashFolder" time="23.553" classname="com.web_testing_selenium.com.com.TestNG_Mail"/>
  <testcase name="Test_DeleteLastLetter" time="10.441" classname="com.web_testing_selenium.com.com.TestNG_Mail"/>
  <testcase name="Test_LoginLogout" time="7.269" classname="com.web_testing_selenium.com.com.TestNG_Mail"/>
  <testcase name="Test_SendMail" time="14.051" classname="com.web_testing_selenium.com.com.TestNG_Mail"/>
  <testcase name="Test_WrongPassword" time="8.452" classname="com.web_testing_selenium.com.com.TestNG_Mail"/>
</testsuite> <!-- Command line test -->
