<?xml version="1.0" encoding="UTF-8"?>
<testng-results skipped="0" failed="0" total="6" passed="6">
  <reporter-output>
  </reporter-output>
  <suite name="Command line suite" duration-ms="125664" started-at="2015-04-14T16:04:02Z" finished-at="2015-04-14T16:06:07Z">
    <groups>
    </groups>
    <test name="Command line test" duration-ms="125664" started-at="2015-04-14T16:04:02Z" finished-at="2015-04-14T16:06:07Z">
      <class name="com.web_testing_selenium.com.com.TestNG_Mail">
        <test-method status="PASS" signature="beforeSuite()[pri:0, instance:com.web_testing_selenium.com.com.TestNG_Mail@2669b199]" name="beforeSuite" is-config="true" duration-ms="9795" started-at="2015-04-14T19:03:52Z" finished-at="2015-04-14T19:04:02Z">
          <reporter-output>
          </reporter-output>
        </test-method> <!-- beforeSuite -->
        <test-method status="PASS" signature="Check_Logged_Out()[pri:0, instance:com.web_testing_selenium.com.com.TestNG_Mail@2669b199]" name="Check_Logged_Out" is-config="true" duration-ms="856" started-at="2015-04-14T19:04:02Z" finished-at="2015-04-14T19:04:03Z">
          <reporter-output>
          </reporter-output>
        </test-method> <!-- Check_Logged_Out -->
        <test-method status="PASS" signature="StartBrowser()[pri:0, instance:com.web_testing_selenium.com.com.TestNG_Mail@2669b199]" name="StartBrowser" is-config="true" duration-ms="2407" started-at="2015-04-14T19:04:03Z" finished-at="2015-04-14T19:04:05Z">
          <reporter-output>
          </reporter-output>
        </test-method> <!-- StartBrowser -->
        <test-method status="PASS" signature="beforeMethod()[pri:0, instance:com.web_testing_selenium.com.com.TestNG_Mail@2669b199]" name="beforeMethod" is-config="true" duration-ms="513" started-at="2015-04-14T19:04:05Z" finished-at="2015-04-14T19:04:06Z">
          <reporter-output>
          </reporter-output>
        </test-method> <!-- beforeMethod -->
        <test-method status="PASS" signature="Test_CleanSentFolder()[pri:0, instance:com.web_testing_selenium.com.com.TestNG_Mail@2669b199]" name="Test_CleanSentFolder" duration-ms="32929" started-at="2015-04-14T19:04:06Z" finished-at="2015-04-14T19:04:38Z">
          <reporter-output>
          </reporter-output>
        </test-method> <!-- Test_CleanSentFolder -->
        <test-method status="PASS" signature="afterMethod()[pri:0, instance:com.web_testing_selenium.com.com.TestNG_Mail@2669b199]" name="afterMethod" is-config="true" duration-ms="0" started-at="2015-04-14T19:04:38Z" finished-at="2015-04-14T19:04:38Z">
          <reporter-output>
          </reporter-output>
        </test-method> <!-- afterMethod -->
        <test-method status="PASS" signature="beforeMethod()[pri:0, instance:com.web_testing_selenium.com.com.TestNG_Mail@2669b199]" name="beforeMethod" is-config="true" duration-ms="1764" started-at="2015-04-14T19:04:38Z" finished-at="2015-04-14T19:04:40Z">
          <reporter-output>
          </reporter-output>
        </test-method> <!-- beforeMethod -->
        <test-method status="PASS" signature="Test_CleanTrashFolder()[pri:0, instance:com.web_testing_selenium.com.com.TestNG_Mail@2669b199]" name="Test_CleanTrashFolder" duration-ms="23553" started-at="2015-04-14T19:04:40Z" finished-at="2015-04-14T19:05:04Z">
          <reporter-output>
          </reporter-output>
        </test-method> <!-- Test_CleanTrashFolder -->
        <test-method status="PASS" signature="beforeMethod()[pri:0, instance:com.web_testing_selenium.com.com.TestNG_Mail@2669b199]" name="beforeMethod" is-config="true" duration-ms="1515" started-at="2015-04-14T19:05:04Z" finished-at="2015-04-14T19:05:05Z">
          <reporter-output>
          </reporter-output>
        </test-method> <!-- beforeMethod -->
        <test-method status="PASS" signature="afterMethod()[pri:0, instance:com.web_testing_selenium.com.com.TestNG_Mail@2669b199]" name="afterMethod" is-config="true" duration-ms="0" started-at="2015-04-14T19:05:04Z" finished-at="2015-04-14T19:05:04Z">
          <reporter-output>
          </reporter-output>
        </test-method> <!-- afterMethod -->
        <test-method status="PASS" signature="Test_DeleteLastLetter()[pri:0, instance:com.web_testing_selenium.com.com.TestNG_Mail@2669b199]" name="Test_DeleteLastLetter" duration-ms="10441" started-at="2015-04-14T19:05:05Z" finished-at="2015-04-14T19:05:16Z">
          <reporter-output>
          </reporter-output>
        </test-method> <!-- Test_DeleteLastLetter -->
        <test-method status="PASS" signature="afterMethod()[pri:0, instance:com.web_testing_selenium.com.com.TestNG_Mail@2669b199]" name="afterMethod" is-config="true" duration-ms="0" started-at="2015-04-14T19:05:16Z" finished-at="2015-04-14T19:05:16Z">
          <reporter-output>
          </reporter-output>
        </test-method> <!-- afterMethod -->
        <test-method status="PASS" signature="beforeMethod()[pri:0, instance:com.web_testing_selenium.com.com.TestNG_Mail@2669b199]" name="beforeMethod" is-config="true" duration-ms="1323" started-at="2015-04-14T19:05:16Z" finished-at="2015-04-14T19:05:17Z">
          <reporter-output>
          </reporter-output>
        </test-method> <!-- beforeMethod -->
        <test-method status="PASS" signature="Test_LoginLogout()[pri:0, instance:com.web_testing_selenium.com.com.TestNG_Mail@2669b199]" name="Test_LoginLogout" duration-ms="7269" started-at="2015-04-14T19:05:17Z" finished-at="2015-04-14T19:05:24Z">
          <reporter-output>
          </reporter-output>
        </test-method> <!-- Test_LoginLogout -->
        <test-method status="PASS" signature="beforeMethod()[pri:0, instance:com.web_testing_selenium.com.com.TestNG_Mail@2669b199]" name="beforeMethod" is-config="true" duration-ms="112" started-at="2015-04-14T19:05:24Z" finished-at="2015-04-14T19:05:24Z">
          <reporter-output>
          </reporter-output>
        </test-method> <!-- beforeMethod -->
        <test-method status="PASS" signature="afterMethod()[pri:0, instance:com.web_testing_selenium.com.com.TestNG_Mail@2669b199]" name="afterMethod" is-config="true" duration-ms="0" started-at="2015-04-14T19:05:24Z" finished-at="2015-04-14T19:05:24Z">
          <reporter-output>
          </reporter-output>
        </test-method> <!-- afterMethod -->
        <test-method status="PASS" signature="Test_SendMail()[pri:0, instance:com.web_testing_selenium.com.com.TestNG_Mail@2669b199]" name="Test_SendMail" duration-ms="14051" started-at="2015-04-14T19:05:24Z" finished-at="2015-04-14T19:05:39Z">
          <reporter-output>
          </reporter-output>
        </test-method> <!-- Test_SendMail -->
        <test-method status="PASS" signature="afterMethod()[pri:0, instance:com.web_testing_selenium.com.com.TestNG_Mail@2669b199]" name="afterMethod" is-config="true" duration-ms="0" started-at="2015-04-14T19:05:39Z" finished-at="2015-04-14T19:05:39Z">
          <reporter-output>
          </reporter-output>
        </test-method> <!-- afterMethod -->
        <test-method status="PASS" signature="beforeMethod()[pri:0, instance:com.web_testing_selenium.com.com.TestNG_Mail@2669b199]" name="beforeMethod" is-config="true" duration-ms="1088" started-at="2015-04-14T19:05:39Z" finished-at="2015-04-14T19:05:40Z">
          <reporter-output>
          </reporter-output>
        </test-method> <!-- beforeMethod -->
        <test-method status="PASS" signature="Test_WrongPassword()[pri:0, instance:com.web_testing_selenium.com.com.TestNG_Mail@2669b199]" name="Test_WrongPassword" duration-ms="8452" started-at="2015-04-14T19:05:40Z" finished-at="2015-04-14T19:05:48Z">
          <reporter-output>
          </reporter-output>
        </test-method> <!-- Test_WrongPassword -->
        <test-method status="PASS" signature="afterMethod()[pri:0, instance:com.web_testing_selenium.com.com.TestNG_Mail@2669b199]" name="afterMethod" is-config="true" duration-ms="0" started-at="2015-04-14T19:05:48Z" finished-at="2015-04-14T19:05:48Z">
          <reporter-output>
          </reporter-output>
        </test-method> <!-- afterMethod -->
        <test-method status="PASS" signature="StopBrowser()[pri:0, instance:com.web_testing_selenium.com.com.TestNG_Mail@2669b199]" name="StopBrowser" is-config="true" duration-ms="19379" started-at="2015-04-14T19:05:48Z" finished-at="2015-04-14T19:06:07Z">
          <reporter-output>
          </reporter-output>
        </test-method> <!-- StopBrowser -->
        <test-method status="PASS" signature="afterTest()[pri:0, instance:com.web_testing_selenium.com.com.TestNG_Mail@2669b199]" name="afterTest" is-config="true" duration-ms="0" started-at="2015-04-14T19:06:07Z" finished-at="2015-04-14T19:06:07Z">
          <reporter-output>
          </reporter-output>
        </test-method> <!-- afterTest -->
        <test-method status="PASS" signature="afterSuite()[pri:0, instance:com.web_testing_selenium.com.com.TestNG_Mail@2669b199]" name="afterSuite" is-config="true" duration-ms="0" started-at="2015-04-14T19:06:07Z" finished-at="2015-04-14T19:06:07Z">
          <reporter-output>
          </reporter-output>
        </test-method> <!-- afterSuite -->
      </class> <!-- com.web_testing_selenium.com.com.TestNG_Mail -->
    </test> <!-- Command line test -->
  </suite> <!-- Command line suite -->
</testng-results>
